[0m[[0minfo[0m] [0m[32mCreateCustomTest:[0m[0m
[0m[[0minfo[0m] [0m[32mA user[0m[0m
[0m[[0minfo[0m] [0m[32m- should visit on Flipkart.com[0m[0m
[0m[[0minfo[0m] [0m[32muser[0m[0m
[0m[[0minfo[0m] [0m[31m- should logged in *** FAILED ***[0m[0m
[0m[[0minfo[0m] [0m[31m  org.openqa.selenium.NoSuchElementException: no such element: Unable to locate element: {"method":"css selector","selector":"._2AkmmA._3Plo8Q._19RW-r"}[0m[0m
[0m[[0minfo[0m] [0m[31m  (Session info: chrome=60.0.3112.78)[0m[0m
[0m[[0minfo[0m] [0m[31m  (Driver info: chromedriver=2.31.488763 (092de99f48a300323ecf8c2a4e2e7cab51de5ba8),platform=Linux 4.4.0-89-generic x86_64) (WARNING: The server did not provide any stacktrace information)[0m[0m
[0m[[0minfo[0m] [0m[31mCommand duration or timeout: 10.13 seconds[0m[0m
[0m[[0minfo[0m] [0m[31mFor documentation on this error, please visit: http://seleniumhq.org/exceptions/no_such_element.html[0m[0m
[0m[[0minfo[0m] [0m[31mBuild info: version: '3.0.1', revision: '1969d75', time: '2016-10-18 09:49:13 -0700'[0m[0m
[0m[[0minfo[0m] [0m[31mSystem info: host: 'knoldus-Vostro-3546', ip: '127.0.1.1', os.name: 'Linux', os.arch: 'amd64', os.version: '4.4.0-89-generic', java.version: '1.8.0_131'[0m[0m
[0m[[0minfo[0m] [0m[31mDriver info: org.openqa.selenium.chrome.ChromeDriver[0m[0m
[0m[[0minfo[0m] [0m[31mCapabilities [{applicationCacheEnabled=false, rotatable=false, mobileEmulationEnabled=false, networkConnectionEnabled=false, chrome={chromedriverVersion=2.31.488763 (092de99f48a300323ecf8c2a4e2e7cab51de5ba8), userDataDir=/tmp/.org.chromium.Chromium.Ii7fC5}, takesHeapSnapshot=true, pageLoadStrategy=normal, databaseEnabled=false, handlesAlerts=true, hasTouchScreen=false, version=60.0.3112.78, platform=LINUX, browserConnectionEnabled=false, nativeEvents=true, acceptSslCerts=true, locationContextEnabled=true, webStorageEnabled=true, browserName=chrome, takesScreenshot=true, javascriptEnabled=true, cssSelectorsEnabled=true, setWindowRect=true, unexpectedAlertBehaviour=}][0m[0m
[0m[[0minfo[0m] [0m[31mSession ID: e2316e2583115b0674fe4b194ed0d61f[0m[0m
[0m[[0minfo[0m] [0m[31m*** Element info: {Using=css selector, value=._2AkmmA._3Plo8Q._19RW-r}[0m[0m
[0m[[0minfo[0m] [0m[31m  at sun.reflect.NativeConstructorAccessorImpl.newInstance0(Native Method)[0m[0m
[0m[[0minfo[0m] [0m[31m  at sun.reflect.NativeConstructorAccessorImpl.newInstance(NativeConstructorAccessorImpl.java:62)[0m[0m
[0m[[0minfo[0m] [0m[31m  at sun.reflect.DelegatingConstructorAccessorImpl.newInstance(DelegatingConstructorAccessorImpl.java:45)[0m[0m
[0m[[0minfo[0m] [0m[31m  at java.lang.reflect.Constructor.newInstance(Constructor.java:423)[0m[0m
[0m[[0minfo[0m] [0m[31m  at org.openqa.selenium.remote.ErrorHandler.createThrowable(ErrorHandler.java:216)[0m[0m
[0m[[0minfo[0m] [0m[31m  at org.openqa.selenium.remote.ErrorHandler.throwIfResponseFailed(ErrorHandler.java:168)[0m[0m
[0m[[0minfo[0m] [0m[31m  at org.openqa.selenium.remote.RemoteWebDriver.execute(RemoteWebDriver.java:635)[0m[0m
[0m[[0minfo[0m] [0m[31m  at org.openqa.selenium.remote.RemoteWebDriver.findElement(RemoteWebDriver.java:368)[0m[0m
[0m[[0minfo[0m] [0m[31m  at org.openqa.selenium.remote.RemoteWebDriver.findElementByCssSelector(RemoteWebDriver.java:465)[0m[0m
[0m[[0minfo[0m] [0m[31m  at CreateCustomTest.$anonfun$new$2(CreateCustomTest.scala:43)[0m[0m
[0m[[0minfo[0m] [0m[31m  ...[0m[0m
